#
# There is insufficient memory for the Java Runtime Environment to continue.
# Native memory allocation (mmap) failed to map 232783872 bytes. Error detail: G1 virtual space
# Possible reasons:
#   The system is out of physical RAM or swap space
#   This process is running with CompressedOops enabled, and the Java Heap may be blocking the growth of the native heap
# Possible solutions:
#   Reduce memory load on the system
#   Increase physical memory or swap space
#   Check if swap backing store is full
#   Decrease Java heap size (-Xmx/-Xms)
#   Decrease number of Java threads
#   Decrease Java thread stack sizes (-Xss)
#   Set larger code cache with -XX:ReservedCodeCacheSize=
#   JVM is running with Zero Based Compressed Oops mode in which the Java heap is
#     placed in the first 32GB address space. The Java Heap base address is the
#     maximum limit for the native heap growth. Please use -XX:HeapBaseMinAddress
#     to set the Java Heap base and to place the Java Heap above 32GB virtual address.
# This output file may be truncated or incomplete.
#
#  Out of Memory Error (os_windows.cpp:3686), pid=23388, tid=25404
#
# JRE version:  (21.0.6+7) (build )
# Java VM: OpenJDK 64-Bit Server VM (21.0.6+7-LTS, mixed mode, sharing, tiered, compressed oops, compressed class ptrs, g1 gc, windows-amd64)
# No core dump will be written. Minidumps are not enabled by default on client versions of Windows
#

---------------  S U M M A R Y ------------

Command Line: -Dfile.encoding=UTF-8 -Dstdout.encoding=UTF-8 -Dstderr.encoding=UTF-8 -XX:+ShowCodeDetailsInExceptionMessages Rodents

Host: AMD Ryzen 5 7520U with Radeon Graphics         , 8 cores, 13G,  Windows 11 , 64 bit Build 22621 (10.0.22621.4974)
Time: Tue Apr 15 02:55:03 2025 AUS Eastern Standard Time elapsed time: 0.024088 seconds (0d 0h 0m 0s)

---------------  T H R E A D  ---------------

Current thread (0x000002a6c8b7f7d0):  JavaThread "Unknown thread" [_thread_in_vm, id=25404, stack(0x000000b4fbe00000,0x000000b4fbf00000) (1024K)]

Stack: [0x000000b4fbe00000,0x000000b4fbf00000]
Native frames: (J=compiled Java code, j=interpreted, Vv=VM code, C=native code)
V  [jvm.dll+0x6cdee9]
V  [jvm.dll+0x8a83d1]
V  [jvm.dll+0x8aa8fe]
V  [jvm.dll+0x8aafe3]
V  [jvm.dll+0x27f706]
V  [jvm.dll+0x6ca755]
V  [jvm.dll+0x6bea3a]
V  [jvm.dll+0x355d6a]
V  [jvm.dll+0x35d936]
V  [jvm.dll+0x3af58e]
V  [jvm.dll+0x3af838]
V  [jvm.dll+0x329efc]
V  [jvm.dll+0x32aa5b]
V  [jvm.dll+0x871639]
V  [jvm.dll+0x3bc361]
V  [jvm.dll+0x85a763]
V  [jvm.dll+0x45066e]
V  [jvm.dll+0x4522b1]
C  [jli.dll+0x5278]
C  [ucrtbase.dll+0x29333]
C  [KERNEL32.DLL+0x1259d]
C  [ntdll.dll+0x5af38]


---------------  P R O C E S S  ---------------

Threads class SMR info:
_java_thread_list=0x00007fff921ea0c8, length=0, elements={
}

Java Threads: ( => current thread )
Total: 0

Other Threads:
  0x000002a6caea6c50 WorkerThread "GC Thread#0"                     [id=16576, stack(0x000000b4fbf00000,0x000000b4fc000000) (1024K)]
  0x000002a6caeb6f40 ConcurrentGCThread "G1 Main Marker"            [id=5212, stack(0x000000b4fc000000,0x000000b4fc100000) (1024K)]
  0x000002a6caeb8c00 WorkerThread "G1 Conc#0"                       [id=19840, stack(0x000000b4fc100000,0x000000b4fc200000) (1024K)]

[error occurred during error reporting (printing all threads), id 0xc0000005, EXCEPTION_ACCESS_VIOLATION (0xc0000005) at pc=0x00007fff918ec827]
VM state: not at safepoint (not fully initialized)

VM Mutex/Monitor currently owned by a thread:  ([mutex/lock_event])
[0x00007fff9225e480] Heap_lock - owner thread: 0x000002a6c8b7f7d0

Heap address: 0x0000000722c00000, size: 3540 MB, Compressed Oops mode: Zero based, Oop shift amount: 3

CDS archive(s) mapped at: [0x0000000000000000-0x0000000000000000-0x0000000000000000), size 0, SharedBaseAddress: 0x0000000800000000, ArchiveRelocationMode: 1.
Narrow klass base: 0x0000000000000000, Narrow klass shift: 0, Narrow klass range: 0x0

GC Precious Log:
 CardTable entry size: 512
 Card Set container configuration: InlinePtr #cards 4 size 8 Array Of Cards #cards 16 size 48 Howl #buckets 8 coarsen threshold 3686 Howl Bitmap #cards 512 size 80 coarsen threshold 460 Card regions per heap region 1 cards per card region 4096

Heap:
 garbage-first heap   total 0K, used 0K [0x0000000722c00000, 0x0000000800000000)
  region size 2048K, 0 young (0K), 0 survivors (0K)

[error occurred during error reporting (printing heap information), id 0xc0000005, EXCEPTION_ACCESS_VIOLATION (0xc0000005) at pc=0x00007fff91cd79b9]
GC Heap History (0 events):
No events

Dll operation events (1 events):
Event: 0.017 Loaded shared library C:\Users\Lenovo\.p2\pool\plugins\org.eclipse.justj.openjdk.hotspot.jre.full.win32.x86_64_21.0.6.v20250130-0529\jre\bin\java.dll

Deoptimization events (0 events):
No events

Classes loaded (0 events):
No events

Classes unloaded (0 events):
No events

Classes redefined (0 events):
No events

Internal exceptions (0 events):
No events

ZGC Phase Switch (0 events):
No events

VM Operations (0 events):
No events

Memory protections (0 events):
No events

Nmethod flushes (0 events):
No events

Events (0 events):
No events


Dynamic libraries:
0x00007ff6c7520000 - 0x00007ff6c752e000 	C:\Users\Lenovo\.p2\pool\plugins\org.eclipse.justj.openjdk.hotspot.jre.full.win32.x86_64_21.0.6.v20250130-0529\jre\bin\javaw.exe
0x00007ff87cd90000 - 0x00007ff87cfa7000 	C:\Windows\SYSTEM32\ntdll.dll
0x00007ff87b8c0000 - 0x00007ff87b984000 	C:\Windows\System32\KERNEL32.DLL
0x00007ff87a600000 - 0x00007ff87a9d1000 	C:\Windows\System32\KERNELBASE.dll
0x00007ff87a380000 - 0x00007ff87a491000 	C:\Windows\System32\ucrtbase.dll
0x00007ff85e1a0000 - 0x00007ff85e1b8000 	C:\Users\Lenovo\.p2\pool\plugins\org.eclipse.justj.openjdk.hotspot.jre.full.win32.x86_64_21.0.6.v20250130-0529\jre\bin\jli.dll
0x00007ff85e060000 - 0x00007ff85e07e000 	C:\Users\Lenovo\.p2\pool\plugins\org.eclipse.justj.openjdk.hotspot.jre.full.win32.x86_64_21.0.6.v20250130-0529\jre\bin\VCRUNTIME140.dll
0x00007ff87cab0000 - 0x00007ff87cc61000 	C:\Windows\System32\USER32.dll
0x00007ff868660000 - 0x00007ff8688f2000 	C:\Windows\WinSxS\amd64_microsoft.windows.common-controls_6595b64144ccf1df_6.0.22621.4830_none_270fe7d773858e80\COMCTL32.dll
0x00007ff87a0c0000 - 0x00007ff87a0e6000 	C:\Windows\System32\win32u.dll
0x00007ff87ac20000 - 0x00007ff87acc7000 	C:\Windows\System32\msvcrt.dll
0x00007ff87c1f0000 - 0x00007ff87c219000 	C:\Windows\System32\GDI32.dll
0x00007ff87a120000 - 0x00007ff87a23b000 	C:\Windows\System32\gdi32full.dll
0x00007ff87a4a0000 - 0x00007ff87a53a000 	C:\Windows\System32\msvcp_win.dll
0x00007ff87bb50000 - 0x00007ff87bb81000 	C:\Windows\System32\IMM32.DLL
0x00007ff871000000 - 0x00007ff87100c000 	C:\Users\Lenovo\.p2\pool\plugins\org.eclipse.justj.openjdk.hotspot.jre.full.win32.x86_64_21.0.6.v20250130-0529\jre\bin\vcruntime140_1.dll
0x00007ff859150000 - 0x00007ff8591dd000 	C:\Users\Lenovo\.p2\pool\plugins\org.eclipse.justj.openjdk.hotspot.jre.full.win32.x86_64_21.0.6.v20250130-0529\jre\bin\msvcp140.dll
0x00007fff915b0000 - 0x00007fff92340000 	C:\Users\Lenovo\.p2\pool\plugins\org.eclipse.justj.openjdk.hotspot.jre.full.win32.x86_64_21.0.6.v20250130-0529\jre\bin\server\jvm.dll
0x00007ff87ba10000 - 0x00007ff87bac1000 	C:\Windows\System32\ADVAPI32.dll
0x00007ff87add0000 - 0x00007ff87ae77000 	C:\Windows\System32\sechost.dll
0x00007ff87a0f0000 - 0x00007ff87a118000 	C:\Windows\System32\bcrypt.dll
0x00007ff87bd40000 - 0x00007ff87be54000 	C:\Windows\System32\RPCRT4.dll
0x00007ff87b990000 - 0x00007ff87ba01000 	C:\Windows\System32\WS2_32.dll
0x00007ff874ab0000 - 0x00007ff874ae4000 	C:\Windows\SYSTEM32\WINMM.dll
0x00007ff870f60000 - 0x00007ff870f6a000 	C:\Windows\SYSTEM32\VERSION.dll
0x00007ff879bf0000 - 0x00007ff879c3d000 	C:\Windows\SYSTEM32\POWRPROF.dll
0x00007ff879bd0000 - 0x00007ff879be3000 	C:\Windows\SYSTEM32\UMPDC.dll
0x00007ff878ee0000 - 0x00007ff878ef8000 	C:\Windows\SYSTEM32\kernel.appcore.dll
0x00007ff871150000 - 0x00007ff87115a000 	C:\Users\Lenovo\.p2\pool\plugins\org.eclipse.justj.openjdk.hotspot.jre.full.win32.x86_64_21.0.6.v20250130-0529\jre\bin\jimage.dll
0x00007ff873090000 - 0x00007ff8732c2000 	C:\Windows\SYSTEM32\DBGHELP.DLL
0x00007ff87b530000 - 0x00007ff87b8c0000 	C:\Windows\System32\combase.dll
0x00007ff87cc70000 - 0x00007ff87cd47000 	C:\Windows\System32\OLEAUT32.dll
0x00007ff8665c0000 - 0x00007ff8665f2000 	C:\Windows\SYSTEM32\dbgcore.DLL
0x00007ff87a9e0000 - 0x00007ff87aa5b000 	C:\Windows\System32\bcryptPrimitives.dll
0x00007ff85de00000 - 0x00007ff85de1f000 	C:\Users\Lenovo\.p2\pool\plugins\org.eclipse.justj.openjdk.hotspot.jre.full.win32.x86_64_21.0.6.v20250130-0529\jre\bin\java.dll

dbghelp: loaded successfully - version: 4.0.5 - missing functions: none
symbol engine: initialized successfully - sym options: 0x614 - pdb path: .;C:\Users\Lenovo\.p2\pool\plugins\org.eclipse.justj.openjdk.hotspot.jre.full.win32.x86_64_21.0.6.v20250130-0529\jre\bin;C:\Windows\SYSTEM32;C:\Windows\WinSxS\amd64_microsoft.windows.common-controls_6595b64144ccf1df_6.0.22621.4830_none_270fe7d773858e80;C:\Users\Lenovo\.p2\pool\plugins\org.eclipse.justj.openjdk.hotspot.jre.full.win32.x86_64_21.0.6.v20250130-0529\jre\bin\server

VM Arguments:
jvm_args: -Dfile.encoding=UTF-8 -Dstdout.encoding=UTF-8 -Dstderr.encoding=UTF-8 -XX:+ShowCodeDetailsInExceptionMessages 
java_command: Rodents
java_class_path (initial): C:\Users\Lenovo\Documents\COMP2015-S1-2025-22163465\COMP2015-S1-2025-22163465\pracweek4-22163465\bin
Launcher Type: SUN_STANDARD

[Global flags]
     intx CICompilerCount                          = 4                                         {product} {ergonomic}
     uint ConcGCThreads                            = 2                                         {product} {ergonomic}
     uint G1ConcRefinementThreads                  = 8                                         {product} {ergonomic}
   size_t G1HeapRegionSize                         = 2097152                                   {product} {ergonomic}
    uintx GCDrainStackTargetSize                   = 64                                        {product} {ergonomic}
   size_t InitialHeapSize                          = 232783872                                 {product} {ergonomic}
   size_t MarkStackSize                            = 4194304                                   {product} {ergonomic}
   size_t MaxHeapSize                              = 3711959040                                {product} {ergonomic}
   size_t MinHeapDeltaBytes                        = 2097152                                   {product} {ergonomic}
   size_t MinHeapSize                              = 8388608                                   {product} {ergonomic}
    uintx NonNMethodCodeHeapSize                   = 5839372                                {pd product} {ergonomic}
    uintx NonProfiledCodeHeapSize                  = 122909434                              {pd product} {ergonomic}
    uintx ProfiledCodeHeapSize                     = 122909434                              {pd product} {ergonomic}
    uintx ReservedCodeCacheSize                    = 251658240                              {pd product} {ergonomic}
     bool SegmentedCodeCache                       = true                                      {product} {ergonomic}
     bool ShowCodeDetailsInExceptionMessages       = true                                   {manageable} {command line}
   size_t SoftMaxHeapSize                          = 3711959040                             {manageable} {ergonomic}
     bool UseCompressedOops                        = true                           {product lp64_product} {ergonomic}
     bool UseG1GC                                  = true                                      {product} {ergonomic}
     bool UseLargePagesIndividualAllocation        = false                                  {pd product} {ergonomic}

Logging:
Log output configuration:
 #0: stdout all=warning uptime,level,tags foldmultilines=false
 #1: stderr all=off uptime,level,tags foldmultilines=false

Environment Variables:
PATH=C:/Users/Lenovo/.p2/pool/plugins/org.eclipse.justj.openjdk.hotspot.jre.full.win32.x86_64_21.0.6.v20250130-0529/jre/bin/server;C:/Users/Lenovo/.p2/pool/plugins/org.eclipse.justj.openjdk.hotspot.jre.full.win32.x86_64_21.0.6.v20250130-0529/jre/bin;C:\Windows\system32;C:\Windows;C:\Windows\System32\Wbem;C:\Windows\System32\WindowsPowerShell\v1.0\;C:\Windows\System32\OpenSSH\;C:\Program Files\Git\cmd;C:\Users\Lenovo\AppData\Local\Microsoft\WindowsApps;C:\Users\Lenovo\AppData\Local\GitHubDesktop\bin;C:\Users\Lenovo\Desktop\University Programs;
USERNAME=Lenovo
OS=Windows_NT
PROCESSOR_IDENTIFIER=AMD64 Family 23 Model 160 Stepping 0, AuthenticAMD
TMP=C:\Users\Lenovo\AppData\Local\Temp
TEMP=C:\Users\Lenovo\AppData\Local\Temp




Periodic native trim disabled

---------------  S Y S T E M  ---------------

OS:
 Windows 11 , 64 bit Build 22621 (10.0.22621.4974)
OS uptime: 6 days 13:58 hours
Hyper-V role detected

CPU: total 8 (initial active 8) (8 cores per cpu, 2 threads per core) family 23 model 160 stepping 0 microcode 0x0, cx8, cmov, fxsr, ht, mmx, 3dnowpref, sse, sse2, sse3, ssse3, sse4a, sse4.1, sse4.2, popcnt, lzcnt, tsc, tscinvbit, avx, avx2, aes, clmul, bmi1, bmi2, adx, sha, fma, vzeroupper, clflush, clflushopt, hv, rdtscp, rdpid, f16c
Processor Information for the first 8 processors :
  Max Mhz: 2801, Current Mhz: 2483, Mhz Limit: 2801

Memory: 4k page, system-wide physical 14157M (2516M free)
TotalPageFile size 23206M (AvailPageFile size 9M)
current process WorkingSet (physical memory assigned to process): 11M, peak: 11M
current process commit charge ("private bytes"): 60M, peak: 282M

vm_info: OpenJDK 64-Bit Server VM (21.0.6+7-LTS) for windows-amd64 JRE (21.0.6+7-LTS), built on 2025-01-21T00:00:00Z by "admin" with MS VC++ 17.7 (VS2022)

END.
